\BOOKMARK [1][-]{section.1}{\376\377\000\111\000\156\000\164\000\162\000\157\000\144\000\165\000\143\000\164\000\151\000\157\000\156}{}% 1
\BOOKMARK [1][-]{section.2}{\376\377\000\122\000\145\000\154\000\141\000\164\000\145\000\144\000\040\000\127\000\157\000\162\000\153}{}% 2
\BOOKMARK [2][-]{subsection.2.1}{\376\377\000\120\000\162\000\157\000\164\000\145\000\143\000\164\000\151\000\166\000\145\000\040\000\146\000\165\000\156\000\143\000\164\000\151\000\157\000\156\000\040\000\157\000\146\000\040\000\165\000\160\000\154\000\151\000\146\000\164\000\040\000\145\000\166\000\145\000\156\000\164\000\163}{section.2}% 3
\BOOKMARK [2][-]{subsection.2.2}{\376\377\000\115\000\145\000\141\000\163\000\165\000\162\000\151\000\156\000\147\000\040\000\164\000\150\000\145\000\040\000\111\000\155\000\160\000\141\000\143\000\164\000\040\000\157\000\146\000\040\000\125\000\160\000\154\000\151\000\146\000\164\000\040\000\105\000\166\000\145\000\156\000\164\000\163}{section.2}% 4
\BOOKMARK [2][-]{subsection.2.3}{\376\377\000\101\000\156\000\141\000\154\000\171\000\172\000\151\000\156\000\147\000\040\000\141\000\144\000\157\000\154\000\145\000\163\000\143\000\145\000\156\000\164\000\040\000\163\000\164\000\162\000\145\000\163\000\163\000\040\000\146\000\162\000\157\000\155\000\040\000\163\000\157\000\143\000\151\000\141\000\154\000\040\000\155\000\145\000\144\000\151\000\141}{section.2}% 5
\BOOKMARK [2][-]{subsection.2.4}{\376\377\000\103\000\157\000\162\000\162\000\145\000\154\000\141\000\164\000\151\000\157\000\156\000\040\000\141\000\156\000\141\000\154\000\171\000\163\000\151\000\163\000\040\000\146\000\157\000\162\000\040\000\155\000\165\000\154\000\164\000\151\000\166\000\141\000\162\000\151\000\141\000\164\000\145\000\040\000\164\000\151\000\155\000\145\000\040\000\163\000\145\000\162\000\151\000\145\000\163}{section.2}% 6
\BOOKMARK [1][-]{section.3}{\376\377\000\104\000\141\000\164\000\141\000\040\000\117\000\142\000\163\000\145\000\162\000\166\000\141\000\164\000\151\000\157\000\156}{}% 7
\BOOKMARK [1][-]{section.4}{\376\377\000\120\000\162\000\145\000\154\000\151\000\155\000\151\000\156\000\141\000\162\000\151\000\145\000\163}{}% 8
\BOOKMARK [1][-]{section.5}{\376\377\000\111\000\144\000\145\000\156\000\164\000\151\000\146\000\171\000\040\000\125\000\160\000\154\000\151\000\146\000\164\000\163\000\040\000\141\000\156\000\144\000\040\000\111\000\155\000\160\000\141\000\143\000\164\000\040\000\111\000\156\000\164\000\145\000\162\000\166\000\141\000\154}{}% 9
\BOOKMARK [2][-]{subsection.5.1}{\376\377\000\125\000\160\000\154\000\151\000\146\000\164\000\040\000\105\000\166\000\145\000\156\000\164\000\163}{section.5}% 10
\BOOKMARK [2][-]{subsection.5.2}{\376\377\000\111\000\155\000\160\000\141\000\143\000\164\000\040\000\111\000\156\000\164\000\145\000\162\000\166\000\141\000\154}{section.5}% 11
\BOOKMARK [1][-]{section.6}{\376\377\000\111\000\155\000\160\000\141\000\143\000\164\000\040\000\157\000\146\000\040\000\125\000\160\000\154\000\151\000\146\000\164\000\040\000\105\000\166\000\145\000\156\000\164\000\163}{}% 12
\BOOKMARK [2][-]{subsection.6.1}{\376\377\000\122\000\145\000\163\000\164\000\157\000\162\000\151\000\156\000\147\000\040\000\120\000\141\000\164\000\164\000\145\000\162\000\156\000\163\000\040\000\141\000\156\000\144\000\040\000\102\000\145\000\150\000\141\000\166\000\151\000\157\000\162\000\141\000\154\000\040\000\115\000\145\000\141\000\163\000\165\000\162\000\145\000\163}{section.6}% 13
\BOOKMARK [2][-]{subsection.6.2}{\376\377\000\121\000\165\000\141\000\156\000\164\000\151\000\146\000\171\000\040\000\164\000\150\000\145\000\040\000\103\000\157\000\162\000\162\000\145\000\154\000\141\000\164\000\151\000\157\000\156}{section.6}% 14
\BOOKMARK [2][-]{subsection.6.3}{\376\377\000\124\000\145\000\155\000\160\000\157\000\162\000\141\000\154\000\040\000\117\000\162\000\144\000\145\000\162}{section.6}% 15
\BOOKMARK [2][-]{subsection.6.4}{\376\377\000\117\000\166\000\145\000\162\000\141\000\154\000\154\000\040\000\101\000\154\000\147\000\157\000\162\000\151\000\164\000\150\000\155}{section.6}% 16
\BOOKMARK [1][-]{section.7}{\376\377\000\105\000\170\000\160\000\145\000\162\000\151\000\155\000\145\000\156\000\164\000\163}{}% 17
\BOOKMARK [2][-]{subsection.7.1}{\376\377\000\105\000\170\000\160\000\145\000\162\000\151\000\155\000\145\000\156\000\164\000\141\000\154\000\040\000\163\000\145\000\164\000\165\000\160}{section.7}% 18
\BOOKMARK [3][-]{subsubsection.7.1.1}{\376\377\000\104\000\141\000\164\000\141\000\040\000\163\000\145\000\164}{subsection.7.1}% 19
\BOOKMARK [3][-]{subsubsection.7.1.2}{\376\377\000\102\000\141\000\163\000\145\000\154\000\151\000\156\000\145\000\040\000\155\000\145\000\164\000\150\000\157\000\144\000\163}{subsection.7.1}% 20
\BOOKMARK [3][-]{subsubsection.7.1.3}{\376\377\000\115\000\145\000\164\000\162\000\151\000\143\000\163}{subsection.7.1}% 21
\BOOKMARK [2][-]{subsection.7.2}{\376\377\000\111\000\155\000\160\000\141\000\143\000\164\000\040\000\141\000\156\000\144\000\040\000\155\000\157\000\156\000\157\000\164\000\157\000\156\000\157\000\165\000\163\000\040\000\163\000\164\000\162\000\145\000\163\000\163\000\040\000\164\000\162\000\145\000\156\000\144\000\163\000\040\000\157\000\146\000\040\000\165\000\160\000\154\000\151\000\146\000\164\000\040\000\145\000\166\000\145\000\156\000\164\000\163}{section.7}% 22
\BOOKMARK [2][-]{subsection.7.3}{\376\377\000\111\000\156\000\164\000\145\000\147\000\162\000\141\000\164\000\145\000\040\000\164\000\150\000\145\000\040\000\151\000\155\000\160\000\141\000\143\000\164\000\040\000\157\000\146\000\040\000\165\000\160\000\154\000\151\000\146\000\164\000\040\000\145\000\166\000\145\000\156\000\164\000\163\000\040\000\151\000\156\000\164\000\157\000\040\000\163\000\164\000\162\000\145\000\163\000\163\000\040\000\146\000\157\000\162\000\145\000\143\000\141\000\163\000\164\000\151\000\156\000\147}{section.7}% 23
\BOOKMARK [2][-]{subsection.7.4}{\376\377\000\103\000\157\000\156\000\164\000\162\000\151\000\142\000\165\000\164\000\151\000\157\000\156\000\040\000\157\000\146\000\040\000\145\000\141\000\143\000\150\000\040\000\162\000\145\000\163\000\164\000\157\000\162\000\151\000\156\000\147\000\040\000\155\000\145\000\141\000\163\000\165\000\162\000\145}{section.7}% 24
\BOOKMARK [2][-]{subsection.7.5}{\376\377\000\120\000\141\000\162\000\141\000\155\000\145\000\164\000\145\000\162\000\040\000\163\000\145\000\164\000\164\000\151\000\156\000\147\000\163}{section.7}% 25
\BOOKMARK [1][-]{section.8}{\376\377\000\103\000\157\000\156\000\143\000\154\000\165\000\163\000\151\000\157\000\156}{}% 26
\BOOKMARK [1][-]{section*.16}{\376\377\000\122\000\145\000\146\000\145\000\162\000\145\000\156\000\143\000\145\000\163}{}% 27
