This is pdfTeX, Version 3.1415926-2.3-1.40.12 (MiKTeX 2.9) (preloaded format=latex 2016.10.12)  28 MAY 2018 11:40
entering extended mode
**uplift_paper.tex
(C:\Users\liqiqi\Desktop\UpliftImpact(20180527)\uplift_paper.tex
LaTeX2e <2011/06/27>
Babel <v3.8m> and hyphenation patterns for loaded.
(C:\Users\liqiqi\Desktop\UpliftImpact(20180527)\IEEEtran.cls
Document Class: IEEEtran 2014/09/17 V1.8a by Michael Shell
-- See the "IEEEtran_HOWTO" manual for usage information.
-- http://www.michaelshell.org/tex/ieeetran/
\@IEEEtrantmpdimenA=\dimen102
\@IEEEtrantmpdimenB=\dimen103
\@IEEEtrantmpdimenC=\dimen104
\@IEEEtrantmpcountA=\count79
\@IEEEtrantmpcountB=\count80
\@IEEEtrantmpcountC=\count81
\@IEEEtrantmptoksA=\toks14
LaTeX Font Info:    Try loading font information for OT1+ptm on input line 458.

(D:\CTEX\MiKTeX\tex\latex\psnfss\ot1ptm.fd
File: ot1ptm.fd 2001/06/04 font definitions for OT1/ptm.
)
-- Using 8.5in x 11in (letter) paper.
-- Using DVI output.
\@IEEEnormalsizeunitybaselineskip=\dimen105
-- This is a 10 point document.
\CLASSINFOnormalsizebaselineskip=\dimen106
\CLASSINFOnormalsizeunitybaselineskip=\dimen107
\IEEEnormaljot=\dimen108
LaTeX Font Info:    Font shape `OT1/ptm/bx/n' in size <5> not available
(Font)              Font shape `OT1/ptm/b/n' tried instead on input line 1039.
LaTeX Font Info:    Font shape `OT1/ptm/bx/it' in size <5> not available
(Font)              Font shape `OT1/ptm/b/it' tried instead on input line 1039.

LaTeX Font Info:    Font shape `OT1/ptm/bx/n' in size <7> not available
(Font)              Font shape `OT1/ptm/b/n' tried instead on input line 1039.
LaTeX Font Info:    Font shape `OT1/ptm/bx/it' in size <7> not available
(Font)              Font shape `OT1/ptm/b/it' tried instead on input line 1039.

LaTeX Font Info:    Font shape `OT1/ptm/bx/n' in size <8> not available
(Font)              Font shape `OT1/ptm/b/n' tried instead on input line 1039.
LaTeX Font Info:    Font shape `OT1/ptm/bx/it' in size <8> not available
(Font)              Font shape `OT1/ptm/b/it' tried instead on input line 1039.

LaTeX Font Info:    Font shape `OT1/ptm/bx/n' in size <9> not available
(Font)              Font shape `OT1/ptm/b/n' tried instead on input line 1039.
LaTeX Font Info:    Font shape `OT1/ptm/bx/it' in size <9> not available
(Font)              Font shape `OT1/ptm/b/it' tried instead on input line 1039.

LaTeX Font Info:    Font shape `OT1/ptm/bx/n' in size <10> not available
(Font)              Font shape `OT1/ptm/b/n' tried instead on input line 1039.
LaTeX Font Info:    Font shape `OT1/ptm/bx/it' in size <10> not available
(Font)              Font shape `OT1/ptm/b/it' tried instead on input line 1039.

LaTeX Font Info:    Font shape `OT1/ptm/bx/n' in size <11> not available
(Font)              Font shape `OT1/ptm/b/n' tried instead on input line 1039.
LaTeX Font Info:    Font shape `OT1/ptm/bx/it' in size <11> not available
(Font)              Font shape `OT1/ptm/b/it' tried instead on input line 1039.

LaTeX Font Info:    Font shape `OT1/ptm/bx/n' in size <12> not available
(Font)              Font shape `OT1/ptm/b/n' tried instead on input line 1039.
LaTeX Font Info:    Font shape `OT1/ptm/bx/it' in size <12> not available
(Font)              Font shape `OT1/ptm/b/it' tried instead on input line 1039.

LaTeX Font Info:    Font shape `OT1/ptm/bx/n' in size <17> not available
(Font)              Font shape `OT1/ptm/b/n' tried instead on input line 1039.
LaTeX Font Info:    Font shape `OT1/ptm/bx/it' in size <17> not available
(Font)              Font shape `OT1/ptm/b/it' tried instead on input line 1039.

LaTeX Font Info:    Font shape `OT1/ptm/bx/n' in size <20> not available
(Font)              Font shape `OT1/ptm/b/n' tried instead on input line 1039.
LaTeX Font Info:    Font shape `OT1/ptm/bx/it' in size <20> not available
(Font)              Font shape `OT1/ptm/b/it' tried instead on input line 1039.

LaTeX Font Info:    Font shape `OT1/ptm/bx/n' in size <24> not available
(Font)              Font shape `OT1/ptm/b/n' tried instead on input line 1039.
LaTeX Font Info:    Font shape `OT1/ptm/bx/it' in size <24> not available
(Font)              Font shape `OT1/ptm/b/it' tried instead on input line 1039.

\IEEEquantizedlength=\dimen109
\IEEEquantizedlengthdiff=\dimen110
\IEEEquantizedtextheightdiff=\dimen111
\IEEEilabelindentA=\dimen112
\IEEEilabelindentB=\dimen113
\IEEEilabelindent=\dimen114
\IEEEelabelindent=\dimen115
\IEEEdlabelindent=\dimen116
\IEEElabelindent=\dimen117
\IEEEiednormlabelsep=\dimen118
\IEEEiedmathlabelsep=\dimen119
\IEEEiedtopsep=\skip41
\c@section=\count82
\c@subsection=\count83
\c@subsubsection=\count84
\c@paragraph=\count85
\c@IEEEsubequation=\count86
\abovecaptionskip=\skip42
\belowcaptionskip=\skip43
\c@figure=\count87
\c@table=\count88
\@IEEEeqnnumcols=\count89
\@IEEEeqncolcnt=\count90
\@IEEEsubeqnnumrollback=\count91
\@IEEEquantizeheightA=\dimen120
\@IEEEquantizeheightB=\dimen121
\@IEEEquantizeheightC=\dimen122
\@IEEEquantizeprevdepth=\dimen123
\@IEEEquantizemultiple=\count92
\@IEEEquantizeboxA=\box26
\@IEEEtmpitemindent=\dimen124
\c@IEEEbiography=\count93
\@IEEEtranrubishbin=\box27
) (D:\CTEX\UserData\tex\latex\preprint\balance.sty
Package: balance 1999/02/23 4.3 (PWD)
\oldvsize=\dimen125
)
(D:\CTEX\MiKTeX\tex\latex\graphics\graphics.sty
Package: graphics 2009/02/05 v1.0o Standard LaTeX Graphics (DPC,SPQR)

(D:\CTEX\MiKTeX\tex\latex\graphics\trig.sty
Package: trig 1999/03/16 v1.09 sin cos tan (DPC)
)
(D:\CTEX\MiKTeX\tex\latex\00miktex\graphics.cfg
File: graphics.cfg 2007/01/18 v1.5 graphics configuration of teTeX/TeXLive
)
Package graphics Info: Driver file: dvips.def on input line 91.

(D:\CTEX\MiKTeX\tex\latex\graphics\dvips.def
File: dvips.def 1999/02/16 v3.0i Driver-dependant file (DPC,SPQR)
))
(D:\CTEX\MiKTeX\tex\latex\psnfss\times.sty
Package: times 2005/04/12 PSNFSS-v9.2a (SPQR) 
)
(D:\CTEX\MiKTeX\tex\latex\ltxmisc\url.sty
\Urlmuskip=\muskip10
Package: url 2006/04/12  ver 3.3  Verb mode for urls, etc.
)
(D:\CTEX\MiKTeX\tex\latex\graphics\graphicx.sty
Package: graphicx 1999/02/16 v1.0f Enhanced LaTeX Graphics (DPC,SPQR)

(D:\CTEX\MiKTeX\tex\latex\graphics\keyval.sty
Package: keyval 1999/03/16 v1.13 key=value parser (DPC)
\KV@toks@=\toks15
)
\Gin@req@height=\dimen126
\Gin@req@width=\dimen127
)
(D:\CTEX\UserData\tex\latex\subfigure\subfigure.sty
Package: subfigure 2002/07/30 v2.1.4 subfigure package
\subfigtopskip=\skip44
\subfigcapskip=\skip45
\subfigcaptopadj=\dimen128
\subfigbottomskip=\skip46
\subfigcapmargin=\dimen129
\subfiglabelskip=\skip47
\c@subfigure=\count94
\c@lofdepth=\count95
\c@subtable=\count96
\c@lotdepth=\count97

****************************************
* Local config file subfigure.cfg used *
****************************************
(D:\CTEX\UserData\tex\latex\subfigure\subfigure.cfg)
\subfig@top=\skip48
\subfig@bottom=\skip49
)
(D:\CTEX\MiKTeX\tex\latex\psnfss\helvet.sty
Package: helvet 2005/04/12 PSNFSS-v9.2a (WaS) 
)
(D:\CTEX\MiKTeX\tex\latex\psnfss\courier.sty
Package: courier 2005/04/12 PSNFSS-v9.2a (WaS) 
)
(C:\Users\liqiqi\Desktop\UpliftImpact(20180527)\diagbox.sty
Package: diagbox 2011/11/23 v2.0 Making table heads with diagonal lines

(D:\CTEX\UserData\tex\latex\pict2e\pict2e.sty
Package: pict2e 2016/02/05 v0.3b Improved picture commands (HjG,RN,JT)

(D:\CTEX\UserData\tex\latex\pict2e\pict2e.cfg
File: pict2e.cfg 2016/02/05 v0.1u pict2e configuration for teTeX/TeXLive
)
Package pict2e Info: Driver file: dvips.def on input line 119.
Package pict2e Info: Driver file for pict2e: p2e-dvips.def on input line 121.

(D:\CTEX\UserData\tex\latex\pict2e\p2e-dvips.def
File: p2e-dvips.def 2016/02/05 v0.1u Driver-dependant file (RN,HjG,JT)
)
\pIIe@GRAPH=\toks16
\@arclen=\dimen130
\@arcrad=\dimen131
\@tempdimd=\dimen132
)
(D:\CTEX\UserData\tex\latex\fp\fp.sty
Package: fp 1995/04/02

`Fixed Point Package', Version 0.8, April 2, 1995 (C) Michael Mehlich
(D:\CTEX\UserData\tex\latex\fp\defpattern.sty
Package: defpattern 1994/10/12
\actioncount=\count98
)
(D:\CTEX\UserData\tex\latex\fp\fp-basic.sty
Package: fp-basic 1996/05/13
\FP@xs=\count99
\FP@xia=\count100
\FP@xib=\count101
\FP@xfa=\count102
\FP@xfb=\count103
\FP@rega=\count104
\FP@regb=\count105
\FP@regs=\count106
\FP@times=\count107
)
(D:\CTEX\UserData\tex\latex\fp\fp-addons.sty
Package: fp-addons 1995/03/15
)
(D:\CTEX\UserData\tex\latex\fp\fp-snap.sty
Package: fp-snap 1995/04/05
)
(D:\CTEX\UserData\tex\latex\fp\fp-exp.sty
Package: fp-exp 1995/04/03
)
(D:\CTEX\UserData\tex\latex\fp\fp-trigo.sty
Package: fp-trigo 1995/04/14
)
(D:\CTEX\UserData\tex\latex\fp\fp-pas.sty
Package: fp-pas 1994/08/29
)
(D:\CTEX\UserData\tex\latex\fp\fp-random.sty
Package: fp-random 1995/02/23
\FPseed=\count108
)
(D:\CTEX\UserData\tex\latex\fp\fp-eqn.sty
Package: fp-eqn 1995/04/03
)
(D:\CTEX\UserData\tex\latex\fp\fp-upn.sty
Package: fp-upn 1996/10/21
)
(D:\CTEX\UserData\tex\latex\fp\fp-eval.sty
Package: fp-eval 1995/04/03
))
\diagbox@boxa=\box28
\diagbox@boxb=\box29
\diagbox@boxm=\box30
\diagbox@wd=\dimen133
\diagbox@ht=\dimen134
\diagbox@sepl=\dimen135
\diagbox@sepr=\dimen136
)
(D:\CTEX\MiKTeX\tex\latex\ams\math\amsmath.sty
Package: amsmath 2000/07/18 v2.13 AMS math features
\@mathmargin=\skip50

For additional information on amsmath, use the `?' option.
(D:\CTEX\MiKTeX\tex\latex\ams\math\amstext.sty
Package: amstext 2000/06/29 v2.01

(D:\CTEX\MiKTeX\tex\latex\ams\math\amsgen.sty
File: amsgen.sty 1999/11/30 v2.0
\@emptytoks=\toks17
\ex@=\dimen137
))
(D:\CTEX\MiKTeX\tex\latex\ams\math\amsbsy.sty
Package: amsbsy 1999/11/29 v1.2d
\pmbraise@=\dimen138
)
(D:\CTEX\MiKTeX\tex\latex\ams\math\amsopn.sty
Package: amsopn 1999/12/14 v2.01 operator names
)
\inf@bad=\count109
LaTeX Info: Redefining \frac on input line 211.
\uproot@=\count110
\leftroot@=\count111
LaTeX Info: Redefining \overline on input line 307.
\classnum@=\count112
\DOTSCASE@=\count113
LaTeX Info: Redefining \ldots on input line 379.
LaTeX Info: Redefining \dots on input line 382.
LaTeX Info: Redefining \cdots on input line 467.
\Mathstrutbox@=\box31
\strutbox@=\box32
\big@size=\dimen139
LaTeX Font Info:    Redeclaring font encoding OML on input line 567.
LaTeX Font Info:    Redeclaring font encoding OMS on input line 568.
\macc@depth=\count114
\c@MaxMatrixCols=\count115
\dotsspace@=\muskip11
\c@parentequation=\count116
\dspbrk@lvl=\count117
\tag@help=\toks18
\row@=\count118
\column@=\count119
\maxfields@=\count120
\andhelp@=\toks19
\eqnshift@=\dimen140
\alignsep@=\dimen141
\tagshift@=\dimen142
\tagwidth@=\dimen143
\totwidth@=\dimen144
\lineht@=\dimen145
\@envbody=\toks20
\multlinegap=\skip51
\multlinetaggap=\skip52
\mathdisplay@stack=\toks21
LaTeX Info: Redefining \[ on input line 2666.
LaTeX Info: Redefining \] on input line 2667.
)
(D:\CTEX\MiKTeX\tex\latex\multirow\multirow.sty
\bigstrutjot=\dimen146
)
(D:\CTEX\UserData\tex\latex\booktabs\booktabs.sty
Package: booktabs 2005/04/14 v1.61803 publication quality tables
\heavyrulewidth=\dimen147
\lightrulewidth=\dimen148
\cmidrulewidth=\dimen149
\belowrulesep=\dimen150
\belowbottomsep=\dimen151
\aboverulesep=\dimen152
\abovetopsep=\dimen153
\cmidrulesep=\dimen154
\cmidrulekern=\dimen155
\defaultaddspace=\dimen156
\@cmidla=\count121
\@cmidlb=\count122
\@aboverulesep=\dimen157
\@belowrulesep=\dimen158
\@thisruleclass=\count123
\@lastruleclass=\count124
\@thisrulewidth=\dimen159
)
(D:\CTEX\UserData\tex\latex\makecell\makecell.sty
Package: makecell 2009/08/03 V0.1e Managing of Tab Column Heads and Cells

(D:\CTEX\MiKTeX\tex\latex\tools\array.sty
Package: array 2008/09/09 v2.4c Tabular extension package (FMi)
\col@sep=\dimen160
\extrarowheight=\dimen161
\NC@list=\toks22
\extratabsurround=\skip53
\backup@length=\skip54
)
\rotheadsize=\dimen162
\c@nlinenum=\count125
\TeXr@lab=\toks23
)
(D:\CTEX\MiKTeX\tex\latex\amsfonts\amssymb.sty
Package: amssymb 2009/06/22 v3.00

(D:\CTEX\MiKTeX\tex\latex\amsfonts\amsfonts.sty
Package: amsfonts 2009/06/22 v3.00 Basic AMSFonts support
\symAMSa=\mathgroup4
\symAMSb=\mathgroup5
LaTeX Font Info:    Overwriting math alphabet `\mathfrak' in version `bold'
(Font)                  U/euf/m/n --> U/euf/b/n on input line 96.
))
(D:\CTEX\UserData\tex\latex\threeparttable\threeparttable.sty
Package: threeparttable 2003/06/13  v 3.0
\@tempboxb=\box33
)
(D:\CTEX\UserData\tex\latex\caption\caption.sty
Package: caption 2016/02/21 v3.3-144 Customizing captions (AR)

(D:\CTEX\UserData\tex\latex\caption\caption3.sty
Package: caption3 2016/05/22 v1.7-166 caption3 kernel (AR)
Package caption3 Info: TeX engine: e-TeX on input line 67.
\captionmargin=\dimen163
\captionmargin@=\dimen164
\captionwidth=\dimen165
\caption@tempdima=\dimen166
\caption@indent=\dimen167
\caption@parindent=\dimen168
\caption@hangindent=\dimen169
Package caption Info: Unknown document class (or package),
(caption)             standard defaults will be used.
)

Package caption Warning: Unsupported document class (or package) detected,
(caption)                usage of the caption package is not recommended.
See the caption package documentation for explanation.

Package caption Info: \@makecaption = \long macro:#1#2->\ifx \@captype \@IEEEta
blestring \footnotesize \bgroup \par \centering \@IEEEtabletopskipstrut {\norma
lfont \footnotesize #1}\\{\normalfont \footnotesize \scshape #2}\par \addvspace
 {0.5\baselineskip }\egroup \@IEEEtablecaptionsepspace \else \@IEEEfigurecaptio
nsepspace \setbox \@tempboxa \hbox {\normalfont \footnotesize {#1.}\nobreakspac
e \nobreakspace #2}\ifdim \wd \@tempboxa >\hsize \setbox \@tempboxa \hbox {\nor
malfont \footnotesize {#1.}\nobreakspace \nobreakspace }\parbox [t]{\hsize }{\n
ormalfont \footnotesize \noindent \unhbox \@tempboxa #2}\else \ifCLASSOPTIONcon
ference \hbox to\hsize {\normalfont \footnotesize \hfil \box \@tempboxa \hfil }
\else \hbox to\hsize {\normalfont \footnotesize \box \@tempboxa \hfil }\fi \fi 
\fi .
\c@ContinuedFloat=\count126
Package caption Info: subfigure package is loaded.
Package caption Info: threeparttable package is loaded.
) (D:\CTEX\UserData\tex\latex\algorithm2e\algorithm2e.sty
Package: algorithm2e 2013/01/06 v5.00 algorithms environments
\c@AlgoLine=\count127

(D:\CTEX\MiKTeX\tex\latex\base\ifthen.sty
Package: ifthen 2001/05/26 v1.1c Standard LaTeX ifthen package (DPC)
)
\algocf@hangindent=\skip55

(D:\CTEX\MiKTeX\tex\latex\tools\xspace.sty
Package: xspace 2009/10/20 v1.13 Space after command names (DPC,MH)
)
(D:\CTEX\MiKTeX\tex\latex\ltxmisc\relsize.sty
Package: relsize 2003/07/04 ver 3.1
)
********************************************************
Package `algorithm2e' Release 5.1 -- october 19 2015 --
- algorithm2e-announce@lirmm.fr mailing list for announcement about releases
- algorithm2e-discussion@lirmm.fr mailing list for discussion about package
subscribe by emailing sympa@lirmm.fr with 'subscribe <list> <firstname name>'
- Author: Christophe Fiorio (christophe.fiorio@umontpellier.fr)
********************************************************
\skiptotal=\skip56
\skiplinenumber=\skip57
\skiprule=\skip58
\skiphlne=\skip59
\skiptext=\skip60
\skiplength=\skip61
\algomargin=\skip62
\skipalgocfslide=\skip63
\algowidth=\dimen170
\inoutsize=\dimen171
\inoutindent=\dimen172
\interspacetitleruled=\dimen173
\interspacealgoruled=\dimen174
\interspacetitleboxruled=\dimen175
\algocf@ruledwidth=\skip64
\algocf@inoutbox=\box34
\algocf@inputbox=\box35
\AlCapSkip=\skip65
\AlCapHSkip=\skip66
\algoskipindent=\skip67
\algocf@nlbox=\box36
\algocf@hangingbox=\box37
\algocf@untilbox=\box38
\algocf@skipuntil=\skip68
\algocf@capbox=\box39
\algoheightruledefault=\skip69
\algoheightrule=\skip70
\algotitleheightruledefault=\skip71
\algotitleheightrule=\skip72
\c@algocfline=\count128
\c@algocfproc=\count129
\c@algocf=\count130
\algocf@algoframe=\box40
\algocf@algobox=\box41
) (D:\CTEX\MiKTeX\tex\latex\graphics\color.sty
Package: color 2005/11/14 v1.0j Standard LaTeX Color (DPC)

(D:\CTEX\MiKTeX\tex\latex\00miktex\color.cfg
File: color.cfg 2007/01/18 v1.5 color configuration of teTeX/TeXLive
)
Package color Info: Driver file: dvips.def on input line 130.

(D:\CTEX\MiKTeX\tex\latex\graphics\dvipsnam.def
File: dvipsnam.def 1999/02/16 v3.0i Driver-dependant file (DPC,SPQR)
))
(D:\CTEX\UserData\tex\latex\xcolor\xcolor.sty
Package: xcolor 2016/05/11 v2.12 LaTeX color extensions (UK)

(D:\CTEX\MiKTeX\tex\latex\00miktex\color.cfg
File: color.cfg 2007/01/18 v1.5 color configuration of teTeX/TeXLive
)
Package xcolor Info: Driver file: dvips.def on input line 225.
LaTeX Info: Redefining \color on input line 709.
Package xcolor Info: Model `cmy' substituted by `cmy0' on input line 1348.
Package xcolor Info: Model `RGB' extended on input line 1364.
Package xcolor Info: Model `HTML' substituted by `rgb' on input line 1366.
Package xcolor Info: Model `Hsb' substituted by `hsb' on input line 1367.
Package xcolor Info: Model `tHsb' substituted by `hsb' on input line 1368.
Package xcolor Info: Model `HSB' substituted by `hsb' on input line 1369.
Package xcolor Info: Model `Gray' substituted by `gray' on input line 1370.
Package xcolor Info: Model `wave' substituted by `hsb' on input line 1371.
)
(D:\CTEX\UserData\tex\latex\colortbl\colortbl.sty
Package: colortbl 2012/02/13 v1.0a Color table columns (DPC)
\everycr=\toks24
\minrowclearance=\skip73
)
(D:\CTEX\MiKTeX\tex\latex\float\float.sty
Package: float 2001/11/08 v1.3d Float enhancements (AL)
\c@float@type=\count131
\float@exts=\toks25
\float@box=\box42
\@float@everytoks=\toks26
\@floatcapt=\box43
)
(D:\CTEX\MiKTeX\tex\latex\tools\bm.sty
Package: bm 2004/02/26 v1.1c Bold Symbol Support (DPC/FMi)
\symboldoperators=\mathgroup6
\symboldletters=\mathgroup7
\symboldsymbols=\mathgroup8
LaTeX Font Info:    Redeclaring math alphabet \mathbf on input line 138.
LaTeX Info: Redefining \bm on input line 204.
) (D:\CTEX\MiKTeX\tex\latex\ulem\ulem.sty
\UL@box=\box44
\UL@hyphenbox=\box45
\UL@skip=\skip74
\UL@hook=\toks27
\UL@height=\dimen176
\UL@pe=\count132
\UL@pixel=\dimen177
\ULC@box=\box46
Package: ulem 2011/03/18
\ULdepth=\dimen178
) (C:\Users\liqiqi\Desktop\UpliftImpact(20180527)\Cite.sty
LaTeX Info: Redefining \cite on input line 302.
LaTeX Info: Redefining \nocite on input line 332.


LaTeX Warning: You have requested package `Cite',
               but the package provides `cite'.

Package: cite 2015/02/27  v 5.5
) (D:\CTEX\MiKTeX\tex\latex\hyperref\hyperref.sty
Package: hyperref 2012/02/06 v6.82o Hypertext links for LaTeX

(D:\CTEX\MiKTeX\tex\generic\oberdiek\hobsub-hyperref.sty
Package: hobsub-hyperref 2011/04/23 v1.4 Bundle oberdiek, subset hyperref (HO)

(D:\CTEX\MiKTeX\tex\generic\oberdiek\hobsub-generic.sty
Package: hobsub-generic 2011/04/23 v1.4 Bundle oberdiek, subset generic (HO)
Package: hobsub 2011/04/23 v1.4 Subsetting bundle oberdiek (HO)
Package: infwarerr 2010/04/08 v1.3 Providing info/warning/message (HO)
Package: ltxcmds 2011/04/18 v1.20 LaTeX kernel commands for general use (HO)
Package: ifluatex 2010/03/01 v1.3 Provides the ifluatex switch (HO)
Package ifluatex Info: LuaTeX not detected.
Package: ifvtex 2010/03/01 v1.5 Switches for detecting VTeX and its modes (HO)
Package ifvtex Info: VTeX not detected.
Package: intcalc 2007/09/27 v1.1 Expandable integer calculations (HO)
Package: ifpdf 2011/01/30 v2.3 Provides the ifpdf switch (HO)
Package ifpdf Info: pdfTeX in PDF mode is not detected.
Package: etexcmds 2011/02/16 v1.5 Prefix for e-TeX command names (HO)
Package etexcmds Info: Could not find \expanded.
(etexcmds)             That can mean that you are not using pdfTeX 1.50 or
(etexcmds)             that some package has redefined \expanded.
(etexcmds)             In the latter case, load this package earlier.
Package: kvsetkeys 2011/04/07 v1.13 Key value parser (HO)
Package: kvdefinekeys 2011/04/07 v1.3 Defining keys (HO)
Package: pdftexcmds 2011/04/22 v0.16 Utilities of pdfTeX for LuaTeX (HO)
Package pdftexcmds Info: LuaTeX not detected.
Package pdftexcmds Info: \pdf@primitive is available.
Package pdftexcmds Info: \pdf@ifprimitive is available.
Package pdftexcmds Info: \pdfdraftmode is ignored in DVI mode.
Package: pdfescape 2011/04/04 v1.12 Provides string conversions (HO)
Package: bigintcalc 2011/01/30 v1.2 Expandable big integer calculations (HO)
Package: bitset 2011/01/30 v1.1 Data type bit set (HO)
Package: uniquecounter 2011/01/30 v1.2 Provides unlimited unique counter (HO)
)
Package hobsub Info: Skipping package `hobsub' (already loaded).
Package: letltxmacro 2010/09/02 v1.4 Let assignment for LaTeX macros (HO)
Package: hopatch 2011/01/30 v1.0 Wrapper for package hooks (HO)
Package: xcolor-patch 2011/01/30 xcolor patch
Package: atveryend 2011/04/23 v1.7 Hooks at very end of document (HO)
Package: atbegshi 2011/01/30 v1.15 At begin shipout hook (HO)
Package: refcount 2010/12/01 v3.2 Data extraction from references (HO)
Package: hycolor 2011/01/30 v1.7 Color options of hyperref/bookmark (HO)
)
(D:\CTEX\MiKTeX\tex\generic\ifxetex\ifxetex.sty
Package: ifxetex 2010/09/12 v0.6 Provides ifxetex conditional
)
(D:\CTEX\MiKTeX\tex\latex\oberdiek\kvoptions.sty
Package: kvoptions 2010/12/23 v3.10 Keyval support for LaTeX options (HO)
)
\@linkdim=\dimen179
\Hy@linkcounter=\count133
\Hy@pagecounter=\count134

(D:\CTEX\MiKTeX\tex\latex\hyperref\pd1enc.def
File: pd1enc.def 2012/02/06 v6.82o Hyperref: PDFDocEncoding definition (HO)
)
\Hy@SavedSpaceFactor=\count135

(D:\CTEX\MiKTeX\tex\latex\00miktex\hyperref.cfg
File: hyperref.cfg 2002/06/06 v1.2 hyperref configuration of TeXLive
)
Package hyperref Info: Hyper figures OFF on input line 4046.
Package hyperref Info: Link nesting OFF on input line 4051.
Package hyperref Info: Hyper index ON on input line 4054.
Package hyperref Info: Plain pages OFF on input line 4061.
Package hyperref Info: Backreferencing OFF on input line 4066.
Package hyperref Info: Implicit mode ON; LaTeX internals redefined.
Package hyperref Info: Bookmarks ON on input line 4284.
\c@Hy@tempcnt=\count136
LaTeX Info: Redefining \url on input line 4637.
\Fld@menulength=\count137
\Field@Width=\dimen180
\Fld@charsize=\dimen181
Package hyperref Info: Hyper figures OFF on input line 5757.
Package hyperref Info: Link nesting OFF on input line 5762.
Package hyperref Info: Hyper index ON on input line 5765.
Package hyperref Info: backreferencing OFF on input line 5772.
Package hyperref Info: Link coloring OFF on input line 5777.
Package hyperref Info: Link coloring with OCG OFF on input line 5782.
Package hyperref Info: PDF/A mode OFF on input line 5787.
LaTeX Info: Redefining \ref on input line 5827.
LaTeX Info: Redefining \pageref on input line 5831.
\Hy@abspage=\count138
\c@Item=\count139
\c@Hfootnote=\count140
)

Package hyperref Message: Driver (default): hdvips.

(D:\CTEX\MiKTeX\tex\latex\hyperref\hdvips.def
File: hdvips.def 2012/02/06 v6.82o Hyperref driver for dvips

(D:\CTEX\MiKTeX\tex\latex\hyperref\pdfmark.def
File: pdfmark.def 2012/02/06 v6.82o Hyperref definitions for pdfmark specials
\pdf@docset=\toks28
\pdf@box=\box47
\pdf@toks=\toks29
\pdf@defaulttoks=\toks30
\Fld@listcount=\count141
\c@bookmark@seq@number=\count142

(D:\CTEX\MiKTeX\tex\latex\oberdiek\rerunfilecheck.sty
Package: rerunfilecheck 2011/04/15 v1.7 Rerun checks for auxiliary files (HO)
Package uniquecounter Info: New unique counter `rerunfilecheck' on input line 2
82.
)
\Hy@SectionHShift=\skip75
))
(D:\CTEX\UserData\tex\latex\breakurl\breakurl.sty
Package: breakurl 2013/04/10 v1.40 Breakable hyperref URLs

(D:\CTEX\MiKTeX\tex\latex\xkeyval\xkeyval.sty
Package: xkeyval 2008/08/13 v2.6a package option processing (HA)

(D:\CTEX\MiKTeX\tex\generic\xkeyval\xkeyval.tex
\XKV@toks=\toks31
\XKV@tempa@toks=\toks32
\XKV@depth=\count143
File: xkeyval.tex 2008/08/13 v2.6a key=value parser (HA)
))
\burl@toks=\toks33
)
\c@definition=\count144

(C:\Users\liqiqi\Desktop\UpliftImpact(20180527)\uplift_paper.aux)
LaTeX Font Info:    Checking defaults for OML/cmm/m/it on input line 49.
LaTeX Font Info:    ... okay on input line 49.
LaTeX Font Info:    Checking defaults for T1/cmr/m/n on input line 49.
LaTeX Font Info:    ... okay on input line 49.
LaTeX Font Info:    Checking defaults for OT1/cmr/m/n on input line 49.
LaTeX Font Info:    ... okay on input line 49.
LaTeX Font Info:    Checking defaults for OMS/cmsy/m/n on input line 49.
LaTeX Font Info:    ... okay on input line 49.
LaTeX Font Info:    Checking defaults for OMX/cmex/m/n on input line 49.
LaTeX Font Info:    ... okay on input line 49.
LaTeX Font Info:    Checking defaults for U/cmr/m/n on input line 49.
LaTeX Font Info:    ... okay on input line 49.
LaTeX Font Info:    Checking defaults for PD1/pdf/m/n on input line 49.
LaTeX Font Info:    ... okay on input line 49.

-- Lines per column: 58 (exact).
Package caption Info: Begin \AtBeginDocument code.
Package caption Info: float package is loaded.
Package caption Info: hyperref package is loaded.
Package caption Info: End \AtBeginDocument code.
\AtBeginShipoutBox=\box48
Package hyperref Info: Link coloring OFF on input line 49.
(D:\CTEX\MiKTeX\tex\latex\hyperref\nameref.sty
Package: nameref 2010/04/30 v2.40 Cross-referencing by name of section

(D:\CTEX\MiKTeX\tex\generic\oberdiek\gettitlestring.sty
Package: gettitlestring 2010/12/03 v1.4 Cleanup title references (HO)
)
\c@section@level=\count145
)
LaTeX Info: Redefining \ref on input line 49.
LaTeX Info: Redefining \pageref on input line 49.
LaTeX Info: Redefining \nameref on input line 49.

(C:\Users\liqiqi\Desktop\UpliftImpact(20180527)\uplift_paper.out)
(C:\Users\liqiqi\Desktop\UpliftImpact(20180527)\uplift_paper.out)
\@outlinefile=\write3
LaTeX Font Info:    Try loading font information for U+msa on input line 86.

(D:\CTEX\MiKTeX\tex\latex\amsfonts\umsa.fd
File: umsa.fd 2009/06/22 v3.00 AMS symbols A
)
LaTeX Font Info:    Try loading font information for U+msb on input line 86.

(D:\CTEX\MiKTeX\tex\latex\amsfonts\umsb.fd
File: umsb.fd 2009/06/22 v3.00 AMS symbols B
)
LaTeX Font Info:    Try loading font information for OMS+ptm on input line 86.

(D:\CTEX\MiKTeX\tex\latex\psnfss\omsptm.fd
File: omsptm.fd 
)
LaTeX Font Info:    Font shape `OMS/ptm/m/n' in size <8> not available
(Font)              Font shape `OMS/cmsy/m/n' tried instead on input line 86.

Overfull \hbox (6.89413pt too wide) in paragraph at lines 86--86
\OT1/ptm/m/n/8 E-mail: \OMS/cmsy/m/n/8 f\OT1/ptm/m/n/8 liqi13,xue-yy12\OMS/cmsy
/m/n/8 g\OT1/ptm/m/n/8 @mails.tsinghua.edu.cn,\OMS/cmsy/m/n/8 f\OT1/ptm/m/n/8 f
engling\OMS/cmsy/m/n/8 g\OT1/ptm/m/n/8 @tsinghua.edu.cn,
 []

(C:\Users\liqiqi\Desktop\UpliftImpact(20180527)\Sec-Introduction.tex [1


])
(C:\Users\liqiqi\Desktop\UpliftImpact(20180527)\Sec-RelatedWork.tex
Underfull \hbox (badness 2253) in paragraph at lines 4--10
[][]\OT1/ptm/m/n/10 Many psy-cho-log-i-cal re-searcher-s have fo-cused on the
 []

[2]) (C:\Users\liqiqi\Desktop\UpliftImpact(20180527)\Sec-Observation.tex
File: figs/exampleWave.eps Graphic file (type eps)

<figs/exampleWave.eps>
Underfull \vbox (badness 10000) has occurred while \output is active []

 [3]
File: figs/frequency.eps Graphic file (type eps)

<figs/frequency.eps>)
(C:\Users\liqiqi\Desktop\UpliftImpact(20180527)\Sec-Problem.tex [4]
File: figs/UpSeries.eps Graphic file (type eps)

<figs/UpSeries.eps> [5])
(C:\Users\liqiqi\Desktop\UpliftImpact(20180527)\Sec-Interval.tex
Overfull \hbox (2.84595pt too wide) in paragraph at lines 41--61
 [][][] 
 []


Underfull \hbox (badness 1810) in paragraph at lines 85--94
\OT1/ptm/m/n/10 Let the sub-series $\OML/cmm/m/it/10 w[] \OT1/cmr/m/n/10 = [\OM
L/cmm/m/it/10 s[]; []  ; s[]\OT1/cmr/m/n/10 ]$ \OT1/ptm/m/n/10 as a \OT1/ptm/m/
it/10 wave\OT1/ptm/m/n/10 ,
 []

[6]) (C:\Users\liqiqi\Desktop\UpliftImpact(20180527)\Sec-Impact.tex [7]
Underfull \hbox (badness 2119) in paragraph at lines 110--116
[][]\OT1/ptm/m/n/10 Following sec-tion [][][][], for each teen, three group-
 []

[8]
LaTeX Font Info:    Font shape `OMS/ptm/m/n' in size <10> not available
(Font)              Font shape `OMS/cmsy/m/n' tried instead on input line 193.


LaTeX Font Warning: Command \small invalid in math mode on input line 207.

LaTeX Font Info:    Calculating math sizes for size <> on input line 208.

LaTeX Font Warning: Font shape `OT1/cmr/m/n' in size <> not available
(Font)              size <5> substituted on input line 208.


LaTeX Font Warning: Font shape `OT1/cmr/m/n' in size <0.7> not available
(Font)              size <5> substituted on input line 208.


LaTeX Font Warning: Font shape `OT1/cmr/m/n' in size <0.5> not available
(Font)              size <5> substituted on input line 208.


LaTeX Font Warning: Font shape `OML/cmm/m/it' in size <> not available
(Font)              size <5> substituted on input line 208.


LaTeX Font Warning: Font shape `OML/cmm/m/it' in size <0.7> not available
(Font)              size <5> substituted on input line 208.


LaTeX Font Warning: Font shape `OML/cmm/m/it' in size <0.5> not available
(Font)              size <5> substituted on input line 208.


LaTeX Font Warning: Font shape `OMS/cmsy/m/n' in size <> not available
(Font)              size <5> substituted on input line 208.


LaTeX Font Warning: Font shape `OMS/cmsy/m/n' in size <0.7> not available
(Font)              size <5> substituted on input line 208.


LaTeX Font Warning: Font shape `OMS/cmsy/m/n' in size <0.5> not available
(Font)              size <5> substituted on input line 208.


LaTeX Font Warning: Font shape `OT1/cmr/bx/n' in size <> not available
(Font)              size <5> substituted on input line 208.


LaTeX Font Warning: Font shape `OT1/cmr/bx/n' in size <0.7> not available
(Font)              size <5> substituted on input line 208.


LaTeX Font Warning: Font shape `OT1/cmr/bx/n' in size <0.5> not available
(Font)              size <5> substituted on input line 208.


LaTeX Font Warning: Font shape `OML/cmm/b/it' in size <> not available
(Font)              size <5> substituted on input line 208.


LaTeX Font Warning: Font shape `OML/cmm/b/it' in size <0.7> not available
(Font)              size <5> substituted on input line 208.


LaTeX Font Warning: Font shape `OML/cmm/b/it' in size <0.5> not available
(Font)              size <5> substituted on input line 208.


LaTeX Font Warning: Font shape `OMS/cmsy/b/n' in size <> not available
(Font)              size <5> substituted on input line 208.


LaTeX Font Warning: Font shape `OMS/cmsy/b/n' in size <0.7> not available
(Font)              size <5> substituted on input line 208.


LaTeX Font Warning: Font shape `OMS/cmsy/b/n' in size <0.5> not available
(Font)              size <5> substituted on input line 208.

) (C:\Users\liqiqi\Desktop\UpliftImpact(20180527)\Sec-Experiment.tex [9]
Underfull \vbox (badness 2653) has occurred while \output is active []

File: figs/correlation2.eps Graphic file (type eps)

<figs/correlation2.eps> [10]
File: figs/threshNew.eps Graphic file (type eps)
 <figs/threshNew.eps>
File: figs/predictWindow2.eps Graphic file (type eps)
 <figs/predictWindow2.eps>
[11]) (C:\Users\liqiqi\Desktop\UpliftImpact(20180527)\Sec-Discussion.tex)
(C:\Users\liqiqi\Desktop\UpliftImpact(20180527)\uplift_paper.bbl
Underfull \hbox (badness 10000) in paragraph at lines 49--52
[][]\OT1/ptm/m/n/8 R. Vitel-li, ``Has-sles, u-p-lift-s and grow-ing old-er,'' [
][][][][]
 []


Underfull \hbox (badness 10000) in paragraph at lines 49--52
[][][][][][][][][][][][][][][][][][][][][][][][][][][][][][]
 []

[12]
Missing character: There is no ¡ in font ptmr7t!
Missing character: There is no î in font ptmr7t!
Missing character: There is no ¨ in font ptmr7t!
Missing character: There is no ® in font ptmr7t!
Missing character: There is no ¨ in font ptmr7t!
)
Package atveryend Info: Empty hook `BeforeClearDocument' on input line 105.
 [13]
Package atveryend Info: Empty hook `AfterLastShipout' on input line 105.
 (C:\Users\liqiqi\Desktop\UpliftImpact(20180527)\uplift_paper.aux)
Package atveryend Info: Empty hook `AtVeryEndDocument' on input line 105.
Package atveryend Info: Executing hook `AtEndAfterFileList' on input line 105.


Package rerunfilecheck Warning: File `uplift_paper.out' has changed.
(rerunfilecheck)                Rerun to get outlines right
(rerunfilecheck)                or use package `bookmark'.

Package rerunfilecheck Info: Checksums for `uplift_paper.out':
(rerunfilecheck)             Before: 2E36A7B47D9E1B626A04031358C67F35;6714
(rerunfilecheck)             After:  8F9FE91B6051F0DE78C456D91B0EC9C5;1927.

LaTeX Font Warning: Size substitutions with differences
(Font)              up to 4.5pt have occurred.

 )
(\end occurred inside a group at level 1)

### simple group (level 1) entered at line 1061 ({)
### bottom level 
Here is how much of TeX's memory you used:
 10817 strings out of 495355
 159508 string characters out of 3183881
 325127 words of memory out of 3000000
 13749 multiletter control sequences out of 15000+200000
 39775 words of font info for 110 fonts, out of 3000000 for 9000
 17 hyphenation exceptions out of 8191
 38i,14n,77p,599b,6204s stack positions out of 5000i,500n,10000p,200000b,50000s

Output written on uplift_paper.dvi (13 pages, 185648 bytes).
